#separator \x09
#set_separator	,
#empty_field	(empty)
#unset_field	-
#path	conn
#open	2016-06-24-11-47-07
#fields	ts	uid	id.orig_h	id.orig_p	id.resp_h	id.resp_p	proto	service	duration	orig_bytes	resp_bytes	conn_state	local_orig	local_resp	missed_bytes	history	orig_pkts	orig_ip_bytes	resp_pkts	resp_ip_bytes	tunnel_parents
#types	time	string	addr	port	addr	port	enum	string	interval	count	count	string	bool	bool	count	string	count	count	count	count	set[string]
1189592335.298447	CCIdK52T5zWAMklmAd	180:400:301:7:4905:30:102:8004	0	8:5:1:4a05:30:102:8004:8	8	icmp	-	-	-	-	OTH	-	-	0	-	1	72	0	0	(empty)
1189592335.118386	CUAbEd4U2iPcnWxj9	180::7:1f00:30:102:8000	0	::1:2000:30:102:8000:0	8	icmp	-	-	-	-	OTH	-	-	0	-	1	72	0	0	(empty)
1189592335.178319	CAJ0qi6cXtGss3Cfl	180:0:e00:7:2600:30:102:8000	0	::1:2700:30:102:8000:0	8	icmp	-	-	-	-	OTH	-	-	0	-	1	56	0	0	(empty)
1189592335.358311	CyZGfw1C78s59dKQvf	180:0:200:7:5000:30:102:8000	0	::1:5100:30:102:8000:0	8	icmp	-	-	-	-	OTH	-	-	0	-	1	56	0	0	(empty)
1189592334.222112	ClhwN83vIqdnk9Vdx6	180::7:3000:30:102:8000	0	::1:3100:30:102:8000:0	8	icmp	-	-	-	-	OTH	-	-	0	-	1	56	0	0	(empty)
1189592335.778269	CNlQ6G4ZruA8avSO42	180:0:800:7:b200:30:102:8000	0	::1:b300:30:102:8000:0	8	icmp	-	-	-	-	OTH	-	-	0	-	1	56	0	0	(empty)
1189592335.838410	CHSzmt462f7sNFRiI1	180:0:c00:7:c700:30:102:8000	0	::1:c800:30:102:8000:0	8	icmp	-	-	-	-	OTH	-	-	0	-	1	72	0	0	(empty)
1189592334.998312	CW658c3bGexEUBZBh6	180:0:c00:7:fb00:30:102:8000	0	::1:fc00:30:102:8000:0	8	icmp	-	-	-	-	OTH	-	-	0	-	1	56	0	0	(empty)
1189592334.938319	C2vhZp2Rgu5eUOfty8	180:0:a00:7:ed00:30:102:8000	0	::1:ee00:30:102:8000:0	8	icmp	-	-	-	-	OTH	-	-	0	-	1	56	0	0	(empty)
1189592335.778369	CdRfst4gM3SLhXQz42	180:400:b01:7:b905:30:102:8004	0	8:5:1:ba05:30:102:8004:8	8	icmp	-	-	-	-	OTH	-	-	0	-	1	72	0	0	(empty)
1189592335.178400	CKjP6UdcHHI444Fri	180:0:100:7:2d00:30:102:8000	0	::1:2e00:30:102:8000:0	8	icmp	-	-	-	-	OTH	-	-	0	-	1	72	0	0	(empty)
1189592335.058397	CG0BEK3eU2A6q44LI3	180:0:f00:7:1100:30:102:8000	0	::1:1200:30:102:8000:0	8	icmp	-	-	-	-	OTH	-	-	0	-	1	72	0	0	(empty)
1189592334.338464	CBBOgH3uFy12bjI6e3	180:400:301:7:6805:30:102:8004	0	8:5:1:6905:30:102:8004:8	8	icmp	-	-	-	-	OTH	-	-	0	-	1	72	0	0	(empty)
1189592335.658419	CJK2im3weKOxozTSV6	180:0:900:7:9d00:30:102:8000	0	::1:9e00:30:102:8000:0	8	icmp	-	-	-	-	OTH	-	-	0	-	1	72	0	0	(empty)
1189592335.718357	Cj3Qem3wDZ3twts6m4	180:400:a01:7:ab05:30:102:8004	0	8:5:1:ac05:30:102:8004:8	8	icmp	-	-	-	-	OTH	-	-	0	-	1	72	0	0	(empty)
1189592335.118323	CkIMRl4x6QSHMJJuI3	180:400:e01:7:1805:30:102:8004	0	8:5:1:1905:30:102:8004:8	8	icmp	-	-	-	-	OTH	-	-	0	-	1	56	0	0	(empty)
1189592335.538340	CqB5dO3rPgzLbCpFM4	180:0:400:7:7a00:30:102:8000	0	::1:7b00:30:102:8000:0	8	icmp	-	-	-	-	OTH	-	-	0	-	1	56	0	0	(empty)
1189592334.278477	CVHh4W2eWBCRI5kPa6	180:0:200:7:4c00:30:102:8000	0	::1:4d00:30:102:8000:0	8	icmp	-	-	-	-	OTH	-	-	0	-	1	72	0	0	(empty)
1189592334.758368	CqI6NPMBjBJGriwdk	180:400:801:7:c305:30:102:8004	0	8:5:1:c405:30:102:8004:8	8	icmp	-	-	-	-	OTH	-	-	0	-	1	56	0	0	(empty)
1189592334.518358	C9cCm2sAnpmrHTqUg	180:400:401:7:8b05:30:102:8004	0	8:5:1:8c05:30:102:8004:8	8	icmp	-	-	-	-	OTH	-	-	0	-	1	56	0	0	(empty)
1189592335.658321	CxdssK29j9sKxflvK9	180:0:600:7:9600:30:102:8000	0	::1:9700:30:102:8000:0	8	icmp	-	-	-	-	OTH	-	-	0	-	1	56	0	0	(empty)
1189592335.238481	CuXucUpJRTbgLrAvf	180:400:201:7:3b05:30:102:8004	0	8:5:1:3c05:30:102:8004:8	8	icmp	-	-	-	-	OTH	-	-	0	-	1	72	0	0	(empty)
1189592335.178327	Cg4xE41OH74lMGldFl	180:400:1:7:2605:30:102:8004	0	8:5:1:2705:30:102:8004:8	8	icmp	-	-	-	-	OTH	-	-	0	-	1	56	0	0	(empty)
1189592335.298336	C01r4e2yA88DmMKVzd	180::7:4200:30:102:8000	0	::1:4300:30:102:8000:0	8	icmp	-	-	-	-	OTH	-	-	0	-	1	56	0	0	(empty)
1189592334.222238	Cpcdyx284DCoWZhAo9	180:0:100:7:3700:30:102:8000	0	::1:3800:30:102:8000:0	8	icmp	-	-	-	-	OTH	-	-	0	-	1	72	0	0	(empty)
1189592336.018330	CPUNuh2MBDkSbkkF0g	180:400:e01:7:ea05:30:102:8004	0	8:5:1:eb05:30:102:8004:8	8	icmp	-	-	-	-	OTH	-	-	0	-	1	56	0	0	(empty)
1189592334.518430	Cj7d7b7bMTlI9Crtk	180:0:600:7:9200:30:102:8000	0	::1:9300:30:102:8000:0	8	icmp	-	-	-	-	OTH	-	-	0	-	1	72	0	0	(empty)
1189592334.338363	CxfGuy3VhsXGkSaGd3	180::7:6100:30:102:8000	0	::1:6200:30:102:8000:0	8	icmp	-	-	-	-	OTH	-	-	0	-	1	56	0	0	(empty)
1189592334.998406	CUjoL13Uo9Qjfwq8N2	180:400:e01:7:305:30:102:8004	0	8:5:1:405:30:102:8004:8	8	icmp	-	-	-	-	OTH	-	-	0	-	1	72	0	0	(empty)
1189592335.178415	CGWZFvRCkNg1co1gl	180:400:101:7:2d05:30:102:8004	0	8:5:1:2e05:30:102:8004:8	8	icmp	-	-	-	-	OTH	-	-	0	-	1	72	0	0	(empty)
1189592335.238467	CQttJvpdJztQ75NEl	180:0:200:7:3b00:30:102:8000	0	::1:3c00:30:102:8000:0	8	icmp	-	-	-	-	OTH	-	-	0	-	1	72	0	0	(empty)
1189592335.058328	CMfTbE3bUxxZbRcK9	180:400:e01:7:a05:30:102:8004	0	8:5:1:b05:30:102:8004:8	8	icmp	-	-	-	-	OTH	-	-	0	-	1	56	0	0	(empty)
1189592335.478296	CmKr7H2FBKmvPika0a	180:0:400:7:6c00:30:102:8000	0	::1:6d00:30:102:8000:0	8	icmp	-	-	-	-	OTH	-	-	0	-	1	56	0	0	(empty)
1189592335.538354	Cyu1sA4f6bnMNC4tb5	180:400:601:7:7a05:30:102:8004	0	8:5:1:7b05:30:102:8004:8	8	icmp	-	-	-	-	OTH	-	-	0	-	1	56	0	0	(empty)
1189592334.818351	CS3CD12evmp0NA5Gre	180:400:a01:7:d105:30:102:8004	0	8:5:1:d205:30:102:8004:8	8	icmp	-	-	-	-	OTH	-	-	0	-	1	56	0	0	(empty)
1189592334.638369	Clp74c1OOhPLYp9uie	180:0:600:7:a700:30:102:8000	0	::1:a800:30:102:8000:0	8	icmp	-	-	-	-	OTH	-	-	0	-	1	56	0	0	(empty)
1189592335.958425	CvDbAXpKfWZj3Tnbi	180:0:e00:7:e300:30:102:8000	0	::1:e400:30:102:8000:0	8	icmp	-	-	-	-	OTH	-	-	0	-	1	72	0	0	(empty)
1189592334.758465	CgYPxe9vYcksNTHLb	180:400:a01:7:ca05:30:102:8004	0	8:5:1:cb05:30:102:8004:8	8	icmp	-	-	-	-	OTH	-	-	0	-	1	72	0	0	(empty)
1189592335.478305	Cq5cTo3TrbcUkv8ZVa	180:400:401:7:6c05:30:102:8004	0	8:5:1:6d05:30:102:8004:8	8	icmp	-	-	-	-	OTH	-	-	0	-	1	56	0	0	(empty)
1189592334.518445	CFTp3EpY8zsQptUie	180:400:601:7:9205:30:102:8004	0	8:5:1:9305:30:102:8004:8	8	icmp	-	-	-	-	OTH	-	-	0	-	1	72	0	0	(empty)
1189592335.598465	CgDtYp4UPXTwiCN0P7	180:400:801:7:8f05:30:102:8004	0	8:5:1:9005:30:102:8004:8	8	icmp	-	-	-	-	OTH	-	-	0	-	1	72	0	0	(empty)
1189592334.278342	CRstvm2HjO1l8zuNO8	180::7:4500:30:102:8000	0	::1:4600:30:102:8000:0	8	icmp	-	-	-	-	OTH	-	-	0	-	1	56	0	0	(empty)
1189592334.458359	CFGch2MMkmOhNzCIj	180:0:200:7:7d00:30:102:8000	0	::1:7e00:30:102:8000:0	8	icmp	-	-	-	-	OTH	-	-	0	-	1	56	0	0	(empty)
1189592334.398520	ClgNfa43Rc91Eec8Nh	180:400:401:7:7605:30:102:8004	0	8:5:1:7705:30:102:8004:8	8	icmp	-	-	-	-	OTH	-	-	0	-	1	72	0	0	(empty)
1189592335.358414	CqHpTC12tlH7YBhz0a	180:400:401:7:5705:30:102:8004	0	8:5:1:5805:30:102:8004:8	8	icmp	-	-	-	-	OTH	-	-	0	-	1	72	0	0	(empty)
1189592334.398396	C5biry3FTbMr24lpp	180:400:201:7:6f05:30:102:8004	0	8:5:1:7005:30:102:8004:8	8	icmp	-	-	-	-	OTH	-	-	0	-	1	56	0	0	(empty)
1189592334.878370	C2W1uf16ch62Gi4Beb	180:400:a01:7:df05:30:102:8004	0	8:5:1:e005:30:102:8004:8	8	icmp	-	-	-	-	OTH	-	-	0	-	1	56	0	0	(empty)
1189592335.958339	CVuiga1QOYlQVa8Tol	180:400:c01:7:dc05:30:102:8004	0	8:5:1:dd05:30:102:8004:8	8	icmp	-	-	-	-	OTH	-	-	0	-	1	56	0	0	(empty)
1189592335.898296	CVuLja1W5aXS0qwLxi	180:0:a00:7:ce00:30:102:8000	0	::1:cf00:30:102:8000:0	8	icmp	-	-	-	-	OTH	-	-	0	-	1	56	0	0	(empty)
1189592334.398382	CT7Qag4vlcd7KfMoi1	180:0:200:7:6f00:30:102:8000	0	::1:7000:30:102:8000:0	8	icmp	-	-	-	-	OTH	-	-	0	-	1	56	0	0	(empty)
1189592335.298350	Canilw1Q6OOt7HlcSc	180:400:201:7:4205:30:102:8004	0	8:5:1:4305:30:102:8004:8	8	icmp	-	-	-	-	OTH	-	-	0	-	1	56	0	0	(empty)
1189592335.898399	CT34xXpBx4TGuKbyi	180:400:d01:7:d505:30:102:8004	0	8:5:1:d605:30:102:8004:8	8	icmp	-	-	-	-	OTH	-	-	0	-	1	72	0	0	(empty)
1189592334.758449	CyEorHfoXgnYnkoEg	180:0:a00:7:ca00:30:102:8000	0	::1:cb00:30:102:8000:0	8	icmp	-	-	-	-	OTH	-	-	0	-	1	72	0	0	(empty)
1189592334.578421	Cn7nyL1PQWf9UA1n1c	180:400:701:7:a005:30:102:8004	0	8:5:1:a105:30:102:8004:8	8	icmp	-	-	-	-	OTH	-	-	0	-	1	72	0	0	(empty)
1189592334.458482	ClePcbND23IzBRnIj	180:400:501:7:8405:30:102:8004	0	8:5:1:8505:30:102:8004:8	8	icmp	-	-	-	-	OTH	-	-	0	-	1	72	0	0	(empty)
1189592334.938333	CCGLdc39NCm3SwA4Y8	180:400:c01:7:ed05:30:102:8004	0	8:5:1:ee05:30:102:8004:8	8	icmp	-	-	-	-	OTH	-	-	0	-	1	56	0	0	(empty)
1189592335.478378	Cgutxg3MkD78AvkRm7	180:0:600:7:7300:30:102:8000	0	::1:7400:30:102:8000:0	8	icmp	-	-	-	-	OTH	-	-	0	-	1	72	0	0	(empty)
1189592335.598370	CM2LiO3d2z0Il2inY1	180:400:601:7:8805:30:102:8004	0	8:5:1:8905:30:102:8004:8	8	icmp	-	-	-	-	OTH	-	-	0	-	1	56	0	0	(empty)
1189592335.598451	CWHRv14ACfCldF3Ib5	180:0:800:7:8f00:30:102:8000	0	::1:9000:30:102:8000:0	8	icmp	-	-	-	-	OTH	-	-	0	-	1	72	0	0	(empty)
1189592334.338449	CBGpaa40Okp1fHWDp	180:0:300:7:6800:30:102:8000	0	::1:6900:30:102:8000:0	8	icmp	-	-	-	-	OTH	-	-	0	-	1	72	0	0	(empty)
1189592334.578327	Cb5XcY1iXvQHrv3D1c	180:0:400:7:9900:30:102:8000	0	::1:9a00:30:102:8000:0	8	icmp	-	-	-	-	OTH	-	-	0	-	1	56	0	0	(empty)
1189592334.938417	CmbgfD2gLD7VrLATy8	180:400:d01:7:f405:30:102:8004	0	8:5:1:f505:30:102:8004:8	8	icmp	-	-	-	-	OTH	-	-	0	-	1	72	0	0	(empty)
1189592334.878355	Ck2JG12IiiH6AnEiLb	180:0:a00:7:df00:30:102:8000	0	::1:e000:30:102:8000:0	8	icmp	-	-	-	-	OTH	-	-	0	-	1	56	0	0	(empty)
1189592335.898384	Cn0u4zZdst5aF58pl	180:0:d00:7:d500:30:102:8000	0	::1:d600:30:102:8000:0	8	icmp	-	-	-	-	OTH	-	-	0	-	1	72	0	0	(empty)
1189592336.018407	CreMob2DYdWbiBnxrc	180:0:f00:7:f100:30:102:8000	0	::1:f200:30:102:8000:0	8	icmp	-	-	-	-	OTH	-	-	0	-	1	72	0	0	(empty)
1189592335.838312	CLZGXT3t0U2TDG8Hl4	180:0:a00:7:c000:30:102:8000	0	::1:c100:30:102:8000:0	8	icmp	-	-	-	-	OTH	-	-	0	-	1	56	0	0	(empty)
1189592334.818337	CUhIof1UraKww6oS2e	180:0:800:7:d100:30:102:8000	0	::1:d200:30:102:8000:0	8	icmp	-	-	-	-	OTH	-	-	0	-	1	56	0	0	(empty)
1189592335.298433	CQE0OC1dMNWNMP2drg	180:0:300:7:4900:30:102:8000	0	::1:4a00:30:102:8000:0	8	icmp	-	-	-	-	OTH	-	-	0	-	1	72	0	0	(empty)
1189592334.698467	C4zMwHNw8CO44K9mh	180:400:901:7:bc05:30:102:8004	0	8:5:1:bd05:30:102:8004:8	8	icmp	-	-	-	-	OTH	-	-	0	-	1	72	0	0	(empty)
1189592334.278356	CD6pK83LoQsCL8pko9	180:400:1:7:4505:30:102:8004	0	c:5:1:4605:30:102:8004:8	8	icmp	-	-	-	-	OTH	-	-	0	-	1	56	0	0	(empty)
1189592334.338376	CdQqgg4tUyiROvJLY3	180:400:201:7:6105:30:102:8004	0	8:5:1:6205:30:102:8004:8	8	icmp	-	-	-	-	OTH	-	-	0	-	1	56	0	0	(empty)
1189592335.718264	CVaahs3FQ7PeHvbAO7	180:0:800:7:a400:30:102:8000	0	::1:a500:30:102:8000:0	8	icmp	-	-	-	-	OTH	-	-	0	-	1	56	0	0	(empty)
1189592334.278492	CRaSDx2eMinfiqz8i1	180:400:201:7:4c05:30:102:8004	0	c:5:1:4d05:30:102:8004:8	8	icmp	-	-	-	-	OTH	-	-	0	-	1	72	0	0	(empty)
1189592334.458374	CLIx2KGwIWCTggbtk	180:400:401:7:7d05:30:102:8004	0	8:5:1:7e05:30:102:8004:8	8	icmp	-	-	-	-	OTH	-	-	0	-	1	56	0	0	(empty)
1189592335.958440	CFfO9zdqedfHQX1kd	180:400:e01:7:e305:30:102:8004	0	8:5:1:e405:30:102:8004:8	8	icmp	-	-	-	-	OTH	-	-	0	-	1	72	0	0	(empty)
1189592335.658336	Cp6Lds3t0eJJNc44va	180:400:801:7:9605:30:102:8004	0	8:5:1:9705:30:102:8004:8	8	icmp	-	-	-	-	OTH	-	-	0	-	1	56	0	0	(empty)
1189592334.398505	CH20kH3knMm4CDPmY3	180:0:400:7:7600:30:102:8000	0	::1:7700:30:102:8000:0	8	icmp	-	-	-	-	OTH	-	-	0	-	1	72	0	0	(empty)
1189592335.718278	CFV3yK2HS8CXZnThW6	180:400:801:7:a405:30:102:8004	0	8:5:1:a505:30:102:8004:8	8	icmp	-	-	-	-	OTH	-	-	0	-	1	56	0	0	(empty)
1189592334.518344	CzyK5KYnPDr4j9JMh	180:0:400:7:8b00:30:102:8000	0	::1:8c00:30:102:8000:0	8	icmp	-	-	-	-	OTH	-	-	0	-	1	56	0	0	(empty)
1189592335.898310	Cd747o2GNfIphbNbi	180:400:c01:7:ce05:30:102:8004	0	8:5:1:cf05:30:102:8004:8	8	icmp	-	-	-	-	OTH	-	-	0	-	1	56	0	0	(empty)
1189592334.222252	C5nP0W2wi2Cg119Dx6	180:400:101:7:3705:30:102:8004	0	c:5:1:3805:30:102:8004:8	8	icmp	-	-	-	-	OTH	-	-	0	-	1	72	0	0	(empty)
1189592335.418317	CgMNNo3d04luKJmR48	180:0:200:7:5e00:30:102:8000	0	::1:5f00:30:102:8000:0	8	icmp	-	-	-	-	OTH	-	-	0	-	1	56	0	0	(empty)
1189592335.358319	CeK11e2crfORzPmYqg	180:400:201:7:5005:30:102:8004	0	8:5:1:5105:30:102:8004:8	8	icmp	-	-	-	-	OTH	-	-	0	-	1	56	0	0	(empty)
1189592334.758355	Cswo1880qKwfLwHhj	180:0:800:7:c300:30:102:8000	0	::1:c400:30:102:8000:0	8	icmp	-	-	-	-	OTH	-	-	0	-	1	56	0	0	(empty)
1189592334.998326	CezNVp21GaRBvJ5hK5	180:400:c01:7:fb05:30:102:8004	0	8:5:1:fc05:30:102:8004:8	8	icmp	-	-	-	-	OTH	-	-	0	-	1	56	0	0	(empty)
1189592336.018421	CtgdvI1nI9DRRsHYff	180:400:f01:7:f105:30:102:8004	0	8:5:1:f205:30:102:8004:8	8	icmp	-	-	-	-	OTH	-	-	0	-	1	72	0	0	(empty)
1189592334.578342	CL8D0c1gfguPuF2REb	180:400:601:7:9905:30:102:8004	0	8:5:1:9a05:30:102:8004:8	8	icmp	-	-	-	-	OTH	-	-	0	-	1	56	0	0	(empty)
1189592335.118309	CO4u6E3NPzFpqD9nN2	180:0:e00:7:1800:30:102:8000	0	::1:1900:30:102:8000:0	8	icmp	-	-	-	-	OTH	-	-	0	-	1	56	0	0	(empty)
1189592334.938403	Ckp3G13OGq9OaQ8wK5	180:0:d00:7:f400:30:102:8000	0	::1:f500:30:102:8000:0	8	icmp	-	-	-	-	OTH	-	-	0	-	1	72	0	0	(empty)
1189592334.818442	CGUNMs1TxVoMvqtD2e	180:400:b01:7:d805:30:102:8004	0	8:5:1:d905:30:102:8004:8	8	icmp	-	-	-	-	OTH	-	-	0	-	1	72	0	0	(empty)
1189592335.538449	CYKbB14SCTlPvzupM4	180:400:701:7:8105:30:102:8004	0	8:5:1:8205:30:102:8004:8	8	icmp	-	-	-	-	OTH	-	-	0	-	1	72	0	0	(empty)
1189592336.018316	Cbr5Jz1Cfw8f3dJzff	180:0:c00:7:ea00:30:102:8000	0	::1:eb00:30:102:8000:0	8	icmp	-	-	-	-	OTH	-	-	0	-	1	56	0	0	(empty)
1189592334.638474	CDMc2n1tftERpf38ij	180:400:801:7:ae05:30:102:8004	0	8:5:1:af05:30:102:8004:8	8	icmp	-	-	-	-	OTH	-	-	0	-	1	72	0	0	(empty)
1189592335.838327	CJVacG4FzVQYHxkRV4	180:400:a01:7:c005:30:102:8004	0	8:5:1:c105:30:102:8004:8	8	icmp	-	-	-	-	OTH	-	-	0	-	1	56	0	0	(empty)
1189592335.478393	CSESDN2SHTGC2e5vv2	180:400:601:7:7305:30:102:8004	0	8:5:1:7405:30:102:8004:8	8	icmp	-	-	-	-	OTH	-	-	0	-	1	72	0	0	(empty)
1189592334.698356	CCcwHPsTlm1VsYpmh	180:0:600:7:b500:30:102:8000	0	::1:b600:30:102:8000:0	8	icmp	-	-	-	-	OTH	-	-	0	-	1	56	0	0	(empty)
1189592335.718342	C7oFiT2gFC70cLLiva	180:0:a00:7:ab00:30:102:8000	0	::1:ac00:30:102:8000:0	8	icmp	-	-	-	-	OTH	-	-	0	-	1	72	0	0	(empty)
1189592335.238379	C4DSmiSM7nZsA5pri	180:400:1:7:3405:30:102:8004	0	8:5:1:3505:30:102:8004:8	8	icmp	-	-	-	-	OTH	-	-	0	-	1	56	0	0	(empty)
1189592334.818428	CWzbdR1HXHyRMMRaeb	180:0:b00:7:d800:30:102:8000	0	::1:d900:30:102:8000:0	8	icmp	-	-	-	-	OTH	-	-	0	-	1	72	0	0	(empty)
1189592335.658434	Cre4oT2GJ1qQ7J3fK9	180:400:901:7:9d05:30:102:8004	0	8:5:1:9e05:30:102:8004:8	8	icmp	-	-	-	-	OTH	-	-	0	-	1	72	0	0	(empty)
1189592335.418416	CuF4Dg3IVFj5CFHC48	180:400:501:7:6505:30:102:8004	0	8:5:1:6605:30:102:8004:8	8	icmp	-	-	-	-	OTH	-	-	0	-	1	72	0	0	(empty)
1189592334.878447	Cu89Hs11PKG6900Wre	180:0:c00:7:e600:30:102:8000	0	::1:e700:30:102:8000:0	8	icmp	-	-	-	-	OTH	-	-	0	-	1	72	0	0	(empty)
1189592334.698451	CQc1BefjKLB50n7dk	180:0:900:7:bc00:30:102:8000	0	::1:bd00:30:102:8000:0	8	icmp	-	-	-	-	OTH	-	-	0	-	1	72	0	0	(empty)
1189592335.838425	ClUMV44BgZ1Pd9k6Pk	180:400:c01:7:c705:30:102:8004	0	8:5:1:c805:30:102:8004:8	8	icmp	-	-	-	-	OTH	-	-	0	-	1	72	0	0	(empty)
1189592334.878462	CAUI9R1mrDHqLgZlh6	180:400:c01:7:e605:30:102:8004	0	8:5:1:e705:30:102:8004:8	8	icmp	-	-	-	-	OTH	-	-	0	-	1	72	0	0	(empty)
1189592335.598356	CiiuvA4d7ssibBP4v2	180:0:600:7:8800:30:102:8000	0	::1:8900:30:102:8000:0	8	icmp	-	-	-	-	OTH	-	-	0	-	1	56	0	0	(empty)
1189592335.958325	Cn0p1ow1LTKm7gmPk	180:0:c00:7:dc00:30:102:8000	0	::1:dd00:30:102:8000:0	8	icmp	-	-	-	-	OTH	-	-	0	-	1	56	0	0	(empty)
1189592334.638459	C1S1tL17LEt1uP46Fb	180:0:800:7:ae00:30:102:8000	0	::1:af00:30:102:8000:0	8	icmp	-	-	-	-	OTH	-	-	0	-	1	72	0	0	(empty)
1189592334.698371	Ce70Y78AkNNrHJ9Eg	180:400:801:7:b505:30:102:8004	0	8:5:1:b605:30:102:8004:8	8	icmp	-	-	-	-	OTH	-	-	0	-	1	56	0	0	(empty)
1189592335.058313	CoKZUl49ARZFMsztR	180:0:c00:7:a00:30:102:8000	0	::1:b00:30:102:8000:0	8	icmp	-	-	-	-	OTH	-	-	0	-	1	56	0	0	(empty)
1189592335.538436	CoxB1q4WGWlZIJ0YX1	180:0:700:7:8100:30:102:8000	0	::1:8200:30:102:8000:0	8	icmp	-	-	-	-	OTH	-	-	0	-	1	72	0	0	(empty)
1189592335.058411	CeVLAd4m2PeVaQASR	180:400:f01:7:1105:30:102:8004	0	8:5:1:1205:30:102:8004:8	8	icmp	-	-	-	-	OTH	-	-	0	-	1	72	0	0	(empty)
1189592335.418324	CQzf4H2lFl56Du5Bm7	180:400:401:7:5e05:30:102:8004	0	8:5:1:5f05:30:102:8004:8	8	icmp	-	-	-	-	OTH	-	-	0	-	1	56	0	0	(empty)
1189592335.358400	Cw5qN523OPv43XkNRc	180:0:400:7:5700:30:102:8000	0	::1:5800:30:102:8000:0	8	icmp	-	-	-	-	OTH	-	-	0	-	1	72	0	0	(empty)
1189592334.458467	CRTP6EXQGcz5If0Ug	180:0:500:7:8400:30:102:8000	0	::1:8500:30:102:8000:0	8	icmp	-	-	-	-	OTH	-	-	0	-	1	72	0	0	(empty)
1189592335.238370	COhcz41qzn4QNWWJYi	180::7:3400:30:102:8000	0	::1:3500:30:102:8000:0	8	icmp	-	-	-	-	OTH	-	-	0	-	1	56	0	0	(empty)
1189592335.778284	CtyyUT3BAw5JR8U2I1	180:400:a01:7:b205:30:102:8004	0	8:5:1:b305:30:102:8004:8	8	icmp	-	-	-	-	OTH	-	-	0	-	1	56	0	0	(empty)
1189592334.998391	CiXoiD2YMaLDcbfFX8	180:0:e00:7:300:30:102:8000	0	::1:400:30:102:8000:0	8	icmp	-	-	-	-	OTH	-	-	0	-	1	72	0	0	(empty)
1189592334.222121	CtMMAm2Td6P15xxfb6	180:400:1:7:3005:30:102:8004	0	c:5:1:3105:30:102:8004:8	8	icmp	-	-	-	-	OTH	-	-	0	-	1	56	0	0	(empty)
1189592335.778354	CZegZ44gwZAMnp2rV4	180:0:b00:7:b900:30:102:8000	0	::1:ba00:30:102:8000:0	8	icmp	-	-	-	-	OTH	-	-	0	-	1	72	0	0	(empty)
1189592334.638384	ClsDiY1KtrMl7NnESe	180:400:601:7:a705:30:102:8004	0	8:5:1:a805:30:102:8004:8	8	icmp	-	-	-	-	OTH	-	-	0	-	1	56	0	0	(empty)
1189592334.578405	C3ml5n1NrspB3S0fSe	180:0:700:7:a000:30:102:8000	0	::1:a100:30:102:8000:0	8	icmp	-	-	-	-	OTH	-	-	0	-	1	72	0	0	(empty)
1189592335.418401	CechHN2eckXoZSyyVa	180:0:500:7:6500:30:102:8000	0	::1:6600:30:102:8000:0	8	icmp	-	-	-	-	OTH	-	-	0	-	1	72	0	0	(empty)
1189592335.118401	CYjdKK3ziV6OjYWuYi	180:400:1:7:1f05:30:102:8004	0	8:5:1:2005:30:102:8004:8	8	icmp	-	-	-	-	OTH	-	-	0	-	1	72	0	0	(empty)
#close	2016-06-24-11-47-07
