#separator \x09
#set_separator	,
#empty_field	(empty)
#unset_field	-
#path	reporter
#open	2016-06-24-11-38-22
#fields	ts	level	message	location
#types	time	enum	string	string
1445498353.606064	Reporter::ERROR	field value missing [KRB::msg$client_name]	/usr/local/bro/share/bro/base/protocols/krb/./main.bro, line 147
1445498399.025076	Reporter::ERROR	field value missing [KRB::msg$client_name]	/usr/local/bro/share/bro/base/protocols/krb/./main.bro, line 147
1445498399.025555	Reporter::ERROR	field value missing [KRB::msg$client_name]	/usr/local/bro/share/bro/base/protocols/krb/./main.bro, line 147
1445498400.013842	Reporter::ERROR	field value missing [KRB::msg$client_name]	/usr/local/bro/share/bro/base/protocols/krb/./main.bro, line 147
1445498400.024202	Reporter::ERROR	field value missing [KRB::msg$client_name]	/usr/local/bro/share/bro/base/protocols/krb/./main.bro, line 147
1445498400.490149	Reporter::ERROR	field value missing [KRB::msg$client_name]	/usr/local/bro/share/bro/base/protocols/krb/./main.bro, line 147
1445498400.498543	Reporter::ERROR	field value missing [KRB::msg$client_name]	/usr/local/bro/share/bro/base/protocols/krb/./main.bro, line 147
1445498401.490239	Reporter::ERROR	field value missing [KRB::msg$client_name]	/usr/local/bro/share/bro/base/protocols/krb/./main.bro, line 147
1445498401.505211	Reporter::ERROR	field value missing [KRB::msg$client_name]	/usr/local/bro/share/bro/base/protocols/krb/./main.bro, line 147
1445498405.494838	Reporter::ERROR	field value missing [KRB::msg$client_name]	/usr/local/bro/share/bro/base/protocols/krb/./main.bro, line 147
1445498406.500857	Reporter::ERROR	field value missing [KRB::msg$client_name]	/usr/local/bro/share/bro/base/protocols/krb/./main.bro, line 147
1445498406.520626	Reporter::ERROR	field value missing [KRB::msg$client_name]	/usr/local/bro/share/bro/base/protocols/krb/./main.bro, line 147
1445499184.264938	Reporter::ERROR	field value missing [KRB::msg$client_name]	/usr/local/bro/share/bro/base/protocols/krb/./main.bro, line 147
1445499230.678058	Reporter::ERROR	field value missing [KRB::msg$client_name]	/usr/local/bro/share/bro/base/protocols/krb/./main.bro, line 147
1445499230.678925	Reporter::ERROR	field value missing [KRB::msg$client_name]	/usr/local/bro/share/bro/base/protocols/krb/./main.bro, line 147
1445499230.679588	Reporter::ERROR	field value missing [KRB::msg$client_name]	/usr/local/bro/share/bro/base/protocols/krb/./main.bro, line 147
1445499230.689031	Reporter::ERROR	field value missing [KRB::msg$client_name]	/usr/local/bro/share/bro/base/protocols/krb/./main.bro, line 147
1445499231.159251	Reporter::ERROR	field value missing [KRB::msg$client_name]	/usr/local/bro/share/bro/base/protocols/krb/./main.bro, line 147
1445499231.168649	Reporter::ERROR	field value missing [KRB::msg$client_name]	/usr/local/bro/share/bro/base/protocols/krb/./main.bro, line 147
1445499232.153994	Reporter::ERROR	field value missing [KRB::msg$client_name]	/usr/local/bro/share/bro/base/protocols/krb/./main.bro, line 147
1445499232.178354	Reporter::ERROR	field value missing [KRB::msg$client_name]	/usr/local/bro/share/bro/base/protocols/krb/./main.bro, line 147
1445499236.165222	Reporter::ERROR	field value missing [KRB::msg$client_name]	/usr/local/bro/share/bro/base/protocols/krb/./main.bro, line 147
1445499236.168216	Reporter::ERROR	field value missing [KRB::msg$client_name]	/usr/local/bro/share/bro/base/protocols/krb/./main.bro, line 147
1445499237.186518	Reporter::ERROR	field value missing [KRB::msg$client_name]	/usr/local/bro/share/bro/base/protocols/krb/./main.bro, line 147
1445500499.643265	Reporter::ERROR	field value missing [KRB::msg$client_name]	/usr/local/bro/share/bro/base/protocols/krb/./main.bro, line 147
1445500499.852079	Reporter::ERROR	field value missing [KRB::msg$client_name]	/usr/local/bro/share/bro/base/protocols/krb/./main.bro, line 147
1445500509.017747	Reporter::ERROR	field value missing [KRB::msg$client_name]	/usr/local/bro/share/bro/base/protocols/krb/./main.bro, line 147
1445500519.904045	Reporter::ERROR	field value missing [KRB::msg$client_name]	/usr/local/bro/share/bro/base/protocols/krb/./main.bro, line 147
1445500538.300485	Reporter::ERROR	field value missing [KRB::msg$client_name]	/usr/local/bro/share/bro/base/protocols/krb/./main.bro, line 147
1445500552.062754	Reporter::ERROR	field value missing [KRB::msg$client_name]	/usr/local/bro/share/bro/base/protocols/krb/./main.bro, line 147
1445500552.063841	Reporter::ERROR	field value missing [KRB::msg$client_name]	/usr/local/bro/share/bro/base/protocols/krb/./main.bro, line 147
1445500552.084713	Reporter::ERROR	field value missing [KRB::msg$client_name]	/usr/local/bro/share/bro/base/protocols/krb/./main.bro, line 147
1445500555.081436	Reporter::ERROR	field value missing [KRB::msg$client_name]	/usr/local/bro/share/bro/base/protocols/krb/./main.bro, line 147
1445500559.372571	Reporter::ERROR	field value missing [KRB::msg$client_name]	/usr/local/bro/share/bro/base/protocols/krb/./main.bro, line 147
1445500583.738998	Reporter::ERROR	field value missing [KRB::msg$client_name]	/usr/local/bro/share/bro/base/protocols/krb/./main.bro, line 147
1445500583.755060	Reporter::ERROR	field value missing [KRB::msg$client_name]	/usr/local/bro/share/bro/base/protocols/krb/./main.bro, line 147
1445500583.756198	Reporter::ERROR	field value missing [KRB::msg$client_name]	/usr/local/bro/share/bro/base/protocols/krb/./main.bro, line 147
1445500583.759167	Reporter::ERROR	field value missing [KRB::msg$client_name]	/usr/local/bro/share/bro/base/protocols/krb/./main.bro, line 147
1445500585.221473	Reporter::ERROR	field value missing [KRB::msg$client_name]	/usr/local/bro/share/bro/base/protocols/krb/./main.bro, line 147
1445500585.222660	Reporter::ERROR	field value missing [KRB::msg$client_name]	/usr/local/bro/share/bro/base/protocols/krb/./main.bro, line 147
1445500585.222951	Reporter::ERROR	field value missing [KRB::msg$client_name]	/usr/local/bro/share/bro/base/protocols/krb/./main.bro, line 147
1445500585.223645	Reporter::ERROR	field value missing [KRB::msg$client_name]	/usr/local/bro/share/bro/base/protocols/krb/./main.bro, line 147
1445500585.223873	Reporter::ERROR	field value missing [KRB::msg$client_name]	/usr/local/bro/share/bro/base/protocols/krb/./main.bro, line 147
1445500585.269883	Reporter::ERROR	field value missing [KRB::msg$client_name]	/usr/local/bro/share/bro/base/protocols/krb/./main.bro, line 147
1445500590.253210	Reporter::ERROR	field value missing [KRB::msg$client_name]	/usr/local/bro/share/bro/base/protocols/krb/./main.bro, line 147
1445500596.236772	Reporter::ERROR	field value missing [KRB::msg$client_name]	/usr/local/bro/share/bro/base/protocols/krb/./main.bro, line 147
1445500788.014295	Reporter::ERROR	field value missing [KRB::msg$client_name]	/usr/local/bro/share/bro/base/protocols/krb/./main.bro, line 147
1445500788.241618	Reporter::ERROR	field value missing [KRB::msg$client_name]	/usr/local/bro/share/bro/base/protocols/krb/./main.bro, line 147
1445500808.197777	Reporter::ERROR	field value missing [KRB::msg$client_name]	/usr/local/bro/share/bro/base/protocols/krb/./main.bro, line 147
1445500840.458811	Reporter::ERROR	field value missing [KRB::msg$client_name]	/usr/local/bro/share/bro/base/protocols/krb/./main.bro, line 147
1445500840.459849	Reporter::ERROR	field value missing [KRB::msg$client_name]	/usr/local/bro/share/bro/base/protocols/krb/./main.bro, line 147
1445500840.462869	Reporter::ERROR	field value missing [KRB::msg$client_name]	/usr/local/bro/share/bro/base/protocols/krb/./main.bro, line 147
1445501225.644003	Reporter::ERROR	field value missing [KRB::msg$client_name]	/usr/local/bro/share/bro/base/protocols/krb/./main.bro, line 147
1445501234.494277	Reporter::ERROR	field value missing [KRB::msg$client_name]	/usr/local/bro/share/bro/base/protocols/krb/./main.bro, line 147
1445501234.514930	Reporter::ERROR	field value missing [KRB::msg$client_name]	/usr/local/bro/share/bro/base/protocols/krb/./main.bro, line 147
1445501234.515060	Reporter::ERROR	field value missing [KRB::msg$client_name]	/usr/local/bro/share/bro/base/protocols/krb/./main.bro, line 147
1445503154.626055	Reporter::ERROR	field value missing [KRB::msg$client_name]	/usr/local/bro/share/bro/base/protocols/krb/./main.bro, line 147
1445503205.992051	Reporter::ERROR	field value missing [KRB::msg$client_name]	/usr/local/bro/share/bro/base/protocols/krb/./main.bro, line 147
1445503205.992186	Reporter::ERROR	field value missing [KRB::msg$client_name]	/usr/local/bro/share/bro/base/protocols/krb/./main.bro, line 147
1445503206.002219	Reporter::ERROR	field value missing [KRB::msg$client_name]	/usr/local/bro/share/bro/base/protocols/krb/./main.bro, line 147
1445503206.010786	Reporter::ERROR	field value missing [KRB::msg$client_name]	/usr/local/bro/share/bro/base/protocols/krb/./main.bro, line 147
1445503206.468242	Reporter::ERROR	field value missing [KRB::msg$client_name]	/usr/local/bro/share/bro/base/protocols/krb/./main.bro, line 147
1445503207.464626	Reporter::ERROR	field value missing [KRB::msg$client_name]	/usr/local/bro/share/bro/base/protocols/krb/./main.bro, line 147
1445503212.504144	Reporter::ERROR	field value missing [KRB::msg$client_name]	/usr/local/bro/share/bro/base/protocols/krb/./main.bro, line 147
1445505373.238710	Reporter::ERROR	field value missing [KRB::msg$client_name]	/usr/local/bro/share/bro/base/protocols/krb/./main.bro, line 147
1445509904.186102	Reporter::ERROR	field value missing [KRB::msg$client_name]	/usr/local/bro/share/bro/base/protocols/krb/./main.bro, line 147
1445509954.577946	Reporter::ERROR	field value missing [KRB::msg$client_name]	/usr/local/bro/share/bro/base/protocols/krb/./main.bro, line 147
1445509954.579914	Reporter::ERROR	field value missing [KRB::msg$client_name]	/usr/local/bro/share/bro/base/protocols/krb/./main.bro, line 147
1445509955.556935	Reporter::ERROR	field value missing [KRB::msg$client_name]	/usr/local/bro/share/bro/base/protocols/krb/./main.bro, line 147
1445509955.557413	Reporter::ERROR	field value missing [KRB::msg$client_name]	/usr/local/bro/share/bro/base/protocols/krb/./main.bro, line 147
1445509956.030921	Reporter::ERROR	field value missing [KRB::msg$client_name]	/usr/local/bro/share/bro/base/protocols/krb/./main.bro, line 147
1445509956.031829	Reporter::ERROR	field value missing [KRB::msg$client_name]	/usr/local/bro/share/bro/base/protocols/krb/./main.bro, line 147
1445509961.177936	Reporter::ERROR	field value missing [KRB::msg$client_name]	/usr/local/bro/share/bro/base/protocols/krb/./main.bro, line 147
1445513762.212687	Reporter::ERROR	field value missing [KRB::msg$client_name]	/usr/local/bro/share/bro/base/protocols/krb/./main.bro, line 147
1445513807.635198	Reporter::ERROR	field value missing [KRB::msg$client_name]	/usr/local/bro/share/bro/base/protocols/krb/./main.bro, line 147
1445513807.635835	Reporter::ERROR	field value missing [KRB::msg$client_name]	/usr/local/bro/share/bro/base/protocols/krb/./main.bro, line 147
1445513809.072078	Reporter::ERROR	field value missing [KRB::msg$client_name]	/usr/local/bro/share/bro/base/protocols/krb/./main.bro, line 147
1445513809.081935	Reporter::ERROR	field value missing [KRB::msg$client_name]	/usr/local/bro/share/bro/base/protocols/krb/./main.bro, line 147
1445513809.171403	Reporter::ERROR	field value missing [KRB::msg$client_name]	/usr/local/bro/share/bro/base/protocols/krb/./main.bro, line 147
1445513813.619487	Reporter::ERROR	field value missing [KRB::msg$client_name]	/usr/local/bro/share/bro/base/protocols/krb/./main.bro, line 147
1445513813.620193	Reporter::ERROR	field value missing [KRB::msg$client_name]	/usr/local/bro/share/bro/base/protocols/krb/./main.bro, line 147
1445513815.141525	Reporter::ERROR	field value missing [KRB::msg$client_name]	/usr/local/bro/share/bro/base/protocols/krb/./main.bro, line 147
1445513821.607642	Reporter::ERROR	field value missing [KRB::msg$client_name]	/usr/local/bro/share/bro/base/protocols/krb/./main.bro, line 147
1445517479.511819	Reporter::ERROR	field value missing [KRB::msg$client_name]	/usr/local/bro/share/bro/base/protocols/krb/./main.bro, line 147
1445517499.429727	Reporter::ERROR	field value missing [KRB::msg$client_name]	/usr/local/bro/share/bro/base/protocols/krb/./main.bro, line 147
1445517524.965128	Reporter::ERROR	field value missing [KRB::msg$client_name]	/usr/local/bro/share/bro/base/protocols/krb/./main.bro, line 147
1445517525.086926	Reporter::ERROR	field value missing [KRB::msg$client_name]	/usr/local/bro/share/bro/base/protocols/krb/./main.bro, line 147
1445517526.381384	Reporter::ERROR	field value missing [KRB::msg$client_name]	/usr/local/bro/share/bro/base/protocols/krb/./main.bro, line 147
1445517526.410289	Reporter::ERROR	field value missing [KRB::msg$client_name]	/usr/local/bro/share/bro/base/protocols/krb/./main.bro, line 147
1445517530.988118	Reporter::ERROR	field value missing [KRB::msg$client_name]	/usr/local/bro/share/bro/base/protocols/krb/./main.bro, line 147
1445517531.501487	Reporter::ERROR	field value missing [KRB::msg$client_name]	/usr/local/bro/share/bro/base/protocols/krb/./main.bro, line 147
1445517531.924175	Reporter::ERROR	field value missing [KRB::msg$client_name]	/usr/local/bro/share/bro/base/protocols/krb/./main.bro, line 147
1445517532.425634	Reporter::ERROR	field value missing [KRB::msg$client_name]	/usr/local/bro/share/bro/base/protocols/krb/./main.bro, line 147
1445517533.866754	Reporter::ERROR	field value missing [KRB::msg$client_name]	/usr/local/bro/share/bro/base/protocols/krb/./main.bro, line 147
1445517542.893254	Reporter::ERROR	field value missing [KRB::msg$client_name]	/usr/local/bro/share/bro/base/protocols/krb/./main.bro, line 147
1445518063.024243	Reporter::ERROR	field value missing [KRB::msg$client_name]	/usr/local/bro/share/bro/base/protocols/krb/./main.bro, line 147
1445518083.744402	Reporter::ERROR	field value missing [KRB::msg$client_name]	/usr/local/bro/share/bro/base/protocols/krb/./main.bro, line 147
1445518083.761807	Reporter::ERROR	field value missing [KRB::msg$client_name]	/usr/local/bro/share/bro/base/protocols/krb/./main.bro, line 147
1445518090.131617	Reporter::ERROR	field value missing [KRB::msg$client_name]	/usr/local/bro/share/bro/base/protocols/krb/./main.bro, line 147
1445518090.139203	Reporter::ERROR	field value missing [KRB::msg$client_name]	/usr/local/bro/share/bro/base/protocols/krb/./main.bro, line 147
1445518091.693349	Reporter::ERROR	field value missing [KRB::msg$client_name]	/usr/local/bro/share/bro/base/protocols/krb/./main.bro, line 147
1445518094.683726	Reporter::ERROR	field value missing [KRB::msg$client_name]	/usr/local/bro/share/bro/base/protocols/krb/./main.bro, line 147
1445518095.133435	Reporter::ERROR	field value missing [KRB::msg$client_name]	/usr/local/bro/share/bro/base/protocols/krb/./main.bro, line 147
1445518095.270369	Reporter::ERROR	field value missing [KRB::msg$client_name]	/usr/local/bro/share/bro/base/protocols/krb/./main.bro, line 147
1445518096.258243	Reporter::ERROR	field value missing [KRB::msg$client_name]	/usr/local/bro/share/bro/base/protocols/krb/./main.bro, line 147
1445518107.214019	Reporter::ERROR	field value missing [KRB::msg$client_name]	/usr/local/bro/share/bro/base/protocols/krb/./main.bro, line 147
1445519460.571779	Reporter::ERROR	field value missing [KRB::msg$client_name]	/usr/local/bro/share/bro/base/protocols/krb/./main.bro, line 147
#close	2016-06-24-11-39-44
